{
  "RSpec": {
    "coverage": {
      "/Users/gonzaloignaciopincheiraarancibia/Desktop/rubyApps/brunetti/edx_ruby/hw-acceptance-unit-test-cycle/rottenpotatoes/app/controllers/movies_controller.rb": [
        1,
        null,
        1,
        0,
        null,
        null,
        1,
        0,
        0,
        null,
        null,
        null,
        1,
        0,
        0,
        null,
        0,
        null,
        0,
        null,
        0,
        0,
        null,
        0,
        0,
        null,
        null,
        0,
        0,
        0,
        0,
        null,
        0,
        null,
        null,
        1,
        null,
        null,
        null,
        1,
        0,
        0,
        0,
        null,
        null,
        1,
        0,
        null,
        null,
        1,
        0,
        0,
        0,
        0,
        null,
        null,
        1,
        0,
        0,
        0,
        0,
        null,
        null,
        1,
        1,
        1,
        null,
        null,
        null,
        null,
        null
      ],
      "/Users/gonzaloignaciopincheiraarancibia/Desktop/rubyApps/brunetti/edx_ruby/hw-acceptance-unit-test-cycle/rottenpotatoes/app/controllers/application_controller.rb": [
        1,
        1,
        null
      ],
      "/Users/gonzaloignaciopincheiraarancibia/Desktop/rubyApps/brunetti/edx_ruby/hw-acceptance-unit-test-cycle/rottenpotatoes/app/models/movie.rb": [
        1,
        1,
        0,
        null,
        null
      ],
      "/Users/gonzaloignaciopincheiraarancibia/Desktop/rubyApps/brunetti/edx_ruby/hw-acceptance-unit-test-cycle/rottenpotatoes/app/helpers/application_helper.rb": [
        0,
        0
      ],
      "/Users/gonzaloignaciopincheiraarancibia/Desktop/rubyApps/brunetti/edx_ruby/hw-acceptance-unit-test-cycle/rottenpotatoes/app/helpers/movies_helper.rb": [
        0,
        0,
        0,
        0,
        0,
        0
      ]
    },
    "timestamp": 1468284580
  }
}
