{
  "RSpec": {
    "coverage": {
      "/Users/gonzaloignaciopincheiraarancibia/Desktop/rubyApps/brunetti/edx_ruby/hw-acceptance-unit-test-cycle/rottenpotatoes/app/controllers/movies_controller.rb": [
        1,
        null,
        1,
        2,
        null,
        null,
        1,
        1,
        1,
        null,
        null,
        null,
        1,
        3,
        3,
        null,
        1,
        null,
        1,
        null,
        3,
        3,
        null,
        3,
        18,
        null,
        null,
        3,
        2,
        2,
        2,
        null,
        1,
        null,
        null,
        1,
        null,
        null,
        null,
        1,
        1,
        1,
        1,
        null,
        null,
        1,
        1,
        null,
        null,
        1,
        1,
        1,
        1,
        1,
        null,
        null,
        1,
        1,
        1,
        1,
        1,
        null,
        null,
        1,
        1,
        null,
        1,
        null,
        null,
        1,
        1,
        1,
        null,
        null,
        null,
        null,
        null
      ],
      "/Users/gonzaloignaciopincheiraarancibia/Desktop/rubyApps/brunetti/edx_ruby/hw-acceptance-unit-test-cycle/rottenpotatoes/app/controllers/application_controller.rb": [
        1,
        1,
        null
      ],
      "/Users/gonzaloignaciopincheiraarancibia/Desktop/rubyApps/brunetti/edx_ruby/hw-acceptance-unit-test-cycle/rottenpotatoes/app/models/movie.rb": [
        1,
        1,
        3,
        null,
        null
      ]
    },
    "timestamp": 1468735058
  },
  "Cucumber Features": {
    "coverage": {
      "/Users/gonzaloignaciopincheiraarancibia/Desktop/rubyApps/brunetti/edx_ruby/hw-acceptance-unit-test-cycle/rottenpotatoes/app/models/movie.rb": [
        1,
        1,
        1,
        null,
        null
      ],
      "/Users/gonzaloignaciopincheiraarancibia/Desktop/rubyApps/brunetti/edx_ruby/hw-acceptance-unit-test-cycle/rottenpotatoes/app/controllers/movies_controller.rb": [
        1,
        null,
        1,
        1,
        null,
        null,
        1,
        3,
        3,
        null,
        null,
        null,
        1,
        1,
        1,
        null,
        0,
        null,
        0,
        null,
        1,
        1,
        null,
        1,
        6,
        null,
        null,
        1,
        0,
        0,
        0,
        null,
        1,
        null,
        null,
        1,
        null,
        null,
        null,
        1,
        0,
        0,
        0,
        null,
        null,
        1,
        1,
        null,
        null,
        1,
        1,
        1,
        1,
        1,
        null,
        null,
        1,
        0,
        0,
        0,
        0,
        null,
        null,
        1,
        2,
        null,
        2,
        null,
        null,
        2,
        1,
        1,
        null,
        null,
        null,
        null,
        null
      ],
      "/Users/gonzaloignaciopincheiraarancibia/Desktop/rubyApps/brunetti/edx_ruby/hw-acceptance-unit-test-cycle/rottenpotatoes/app/controllers/application_controller.rb": [
        1,
        1,
        null
      ]
    },
    "timestamp": 1468735395
  }
}
